jul. 21, 2025 11:25:08 AM liquibase.changelog
INFO: Reading resource: db/changelog/migrations/db.changelog-202408191938.sql
jul. 21, 2025 11:25:08 AM liquibase.changelog
INFO: Reading resource: db/changelog/migrations/db.changelog-202408210954.sql
jul. 21, 2025 11:25:08 AM liquibase.changelog
INFO: Reading resource: db/changelog/migrations/db.changelog-202408211004.sql
jul. 21, 2025 11:25:08 AM liquibase.changelog
INFO: Reading resource: db/changelog/migrations/db.changelog-202408211005.sql
jul. 21, 2025 11:25:08 AM liquibase.changelog
INFO: Reading resource: db/changelog/migrations/db.changelog-202408281807.sql
jul. 21, 2025 11:25:08 AM liquibase.changelog
INFO: Reading from meubanco.DATABASECHANGELOG
Database is up to date, no changesets to execute
jul. 21, 2025 11:25:08 AM liquibase.changelog
INFO: Reading from meubanco.DATABASECHANGELOG

UPDATE SUMMARY
Run:                          0
Previously run:               5
Filtered out:                 0
-------------------------------
Total change sets:            5

jul. 21, 2025 11:25:08 AM liquibase.util
INFO: UPDATE SUMMARY
jul. 21, 2025 11:25:08 AM liquibase.util
INFO: Run:                          0
jul. 21, 2025 11:25:08 AM liquibase.util
INFO: Previously run:               5
jul. 21, 2025 11:25:08 AM liquibase.util
INFO: Filtered out:                 0
jul. 21, 2025 11:25:08 AM liquibase.util
INFO: -------------------------------
jul. 21, 2025 11:25:08 AM liquibase.util
INFO: Total change sets:            5
jul. 21, 2025 11:25:08 AM liquibase.util
INFO: Update summary generated
jul. 21, 2025 11:25:08 AM liquibase.lockservice
INFO: Successfully released change log lock
jul. 21, 2025 11:25:08 AM liquibase.command
INFO: Command execution complete
